1641024742727	geckodriver	INFO	Listening on 127.0.0.1:51916
1641024745797	mozrunner::runner	INFO	Running command: "C:\\Program Files\\Mozilla Firefox\\firefox.exe" "--marionette" "--remote-debugging-port" "51917" "-no-remote" "-profile" "C:\\Users\\noyph\\AppData\\Local\\Temp\\rust_mozprofileOyGkyp"
1641024746031	Marionette	INFO	Marionette enabled
console.warn: SearchSettings: "get: No settings file exists, new profile?" (new NotFoundError("Could not open the file at C:\\Users\\noyph\\AppData\\Local\\Temp\\rust_mozprofileOyGkyp\\search.json.mozlz4", (void 0)))
DevTools listening on ws://localhost:51917/devtools/browser/10761243-7886-4498-b7ac-07bc75d41d8a
1641024747816	Marionette	INFO	Listening on port 51922
1641024747859	RemoteAgent	WARN	TLS certificate errors will be ignored for this session
1641024749530	Marionette	WARN	Ignoring event 'DOMContentLoaded' because document has an invalid readyState of 'complete'.
JavaScript warning: https://cdn.somplo.com/prod/test/251119/new-tag.min.js?cb=8, line 282: unreachable code after return statement
1641024753814	Marionette	WARN	Ignoring event 'pageshow' because document has an invalid readyState of 'uninitialized'.
1641024754624	Marionette	WARN	Ignoring event 'pageshow' because document has an invalid readyState of 'interactive'.
JavaScript warning: https://pagead2.googlesyndication.com/bg/U_DPXy_vflqTjVU_YutWJm0axOJE633NQGMGFEhf2s0.js line 1 > eval line 4719 > eval, line 1: WEBGL_debug_renderer_info is deprecated in Firefox and will be removed. Please use RENDERER.
JavaScript error: , line 0: TypeError: NetworkError when attempting to fetch resource.
JavaScript error: , line 0: TypeError: NetworkError when attempting to fetch resource.
JavaScript error: , line 0: TypeError: NetworkError when attempting to fetch resource.
JavaScript error: , line 0: TypeError: NetworkError when attempting to fetch resource.
1641024765977	Marionette	INFO	Stopped listening on port 51922
console.warn: TopSitesFeed: Failed to fetch data from Contile server: NetworkError when attempting to fetch resource.

###!!! [Parent][RunMessage] Error: Channel closing: too late to send/recv, messages will be lost

1641024820986	geckodriver	INFO	Listening on 127.0.0.1:56762
1641024824020	mozrunner::runner	INFO	Running command: "C:\\Program Files\\Mozilla Firefox\\firefox.exe" "--marionette" "--remote-debugging-port" "56763" "-no-remote" "-profile" "C:\\Users\\noyph\\AppData\\Local\\Temp\\rust_mozprofileJn40YU"
1641024824298	Marionette	INFO	Marionette enabled
console.warn: SearchSettings: "get: No settings file exists, new profile?" (new NotFoundError("Could not open the file at C:\\Users\\noyph\\AppData\\Local\\Temp\\rust_mozprofileJn40YU\\search.json.mozlz4", (void 0)))
DevTools listening on ws://localhost:56763/devtools/browser/8ff7fcdf-9c95-49c0-a580-849387451365
1641024826177	Marionette	INFO	Listening on port 56807
1641024826205	RemoteAgent	WARN	TLS certificate errors will be ignored for this session
1641024828065	Marionette	WARN	Ignoring event 'DOMContentLoaded' because document has an invalid readyState of 'complete'.
JavaScript warning: https://cdn.somplo.com/prod/test/251119/new-tag.min.js?cb=8, line 282: unreachable code after return statement
JavaScript warning: https://pagead2.googlesyndication.com/bg/U_DPXy_vflqTjVU_YutWJm0axOJE633NQGMGFEhf2s0.js line 1 > eval line 1889 > eval line 1 > eval, line 1: WEBGL_debug_renderer_info is deprecated in Firefox and will be removed. Please use RENDERER.
1641024832546	Marionette	WARN	Ignoring event 'pageshow' because document has an invalid readyState of 'interactive'.
1641024832686	Marionette	WARN	Ignoring event 'pageshow' because document has an invalid readyState of 'uninitialized'.
1641024832839	Marionette	INFO	Stopped listening on port 56807
JavaScript error: , line 0: TypeError: NetworkError when attempting to fetch resource.
JavaScript error: , line 0: TypeError: NetworkError when attempting to fetch resource.
JavaScript error: , line 0: TypeError: NetworkError when attempting to fetch resource.
JavaScript error: , line 0: TypeError: NetworkError when attempting to fetch resource.
JavaScript error: , line 0: TypeError: NetworkError when attempting to fetch resource.
console.warn: TopSitesFeed: Failed to fetch data from Contile server: NetworkError when attempting to fetch resource.
1641025900504	geckodriver	INFO	Listening on 127.0.0.1:53601
1641025903584	mozrunner::runner	INFO	Running command: "C:\\Program Files\\Mozilla Firefox\\firefox.exe" "--marionette" "--remote-debugging-port" "53602" "-no-remote" "-profile" "C:\\Users\\noyph\\AppData\\Local\\Temp\\rust_mozprofilep6VB83"
1641025903856	Marionette	INFO	Marionette enabled
console.warn: SearchSettings: "get: No settings file exists, new profile?" (new NotFoundError("Could not open the file at C:\\Users\\noyph\\AppData\\Local\\Temp\\rust_mozprofilep6VB83\\search.json.mozlz4", (void 0)))
DevTools listening on ws://localhost:53602/devtools/browser/e71b97ec-640a-4b73-9df5-88f5fbad6cfc
1641025905694	Marionette	INFO	Listening on port 53651
1641025905766	RemoteAgent	WARN	TLS certificate errors will be ignored for this session
1641025907348	Marionette	WARN	Ignoring event 'DOMContentLoaded' because document has an invalid readyState of 'complete'.
JavaScript warning: https://cdn.somplo.com/prod/test/251119/new-tag.min.js?cb=8, line 282: unreachable code after return statement
1641025911836	Marionette	WARN	Ignoring event 'pageshow' because document has an invalid readyState of 'uninitialized'.
1641025911843	Marionette	WARN	Ignoring event 'pageshow' because document has an invalid readyState of 'interactive'.
Marionette threw an error: TypeError: this.curBrowser.contentBrowser is null
GeckoDriver.prototype.navigateTo@chrome://remote/content/marionette/driver.js:849:3

JavaScript error: , line 0: TypeError: NetworkError when attempting to fetch resource.
JavaScript error: , line 0: TypeError: NetworkError when attempting to fetch resource.
JavaScript error: , line 0: TypeError: NetworkError when attempting to fetch resource.
JavaScript error: , line 0: TypeError: NetworkError when attempting to fetch resource.
1641025918650	Marionette	INFO	Stopped listening on port 53651
console.warn: TopSitesFeed: Failed to fetch data from Contile server: NetworkError when attempting to fetch resource.

###!!! [Parent][RunMessage] Error: Channel closing: too late to send/recv, messages will be lost

1641026113134	geckodriver	INFO	Listening on 127.0.0.1:49497
1641026116180	mozrunner::runner	INFO	Running command: "C:\\Program Files\\Mozilla Firefox\\firefox.exe" "--marionette" "--remote-debugging-port" "49498" "-no-remote" "-profile" "C:\\Users\\noyph\\AppData\\Local\\Temp\\rust_mozprofileXnwqX8"
1641026116470	Marionette	INFO	Marionette enabled
console.warn: SearchSettings: "get: No settings file exists, new profile?" (new NotFoundError("Could not open the file at C:\\Users\\noyph\\AppData\\Local\\Temp\\rust_mozprofileXnwqX8\\search.json.mozlz4", (void 0)))
DevTools listening on ws://localhost:49498/devtools/browser/e6bd2a46-bc35-4028-a707-d3074eb6c5c4
1641026118197	Marionette	INFO	Listening on port 49509
1641026118243	RemoteAgent	WARN	TLS certificate errors will be ignored for this session
1641026119819	Marionette	WARN	Ignoring event 'DOMContentLoaded' because document has an invalid readyState of 'complete'.
JavaScript warning: https://cdn.somplo.com/prod/test/251119/new-tag.min.js?cb=8, line 282: unreachable code after return statement
1641026122673	Marionette	INFO	Stopped listening on port 49509
IPDL protocol error: Handler returned error code!

###!!! [Parent][DispatchAsyncMessage] Error: PBackground::Msg_MessagePortForceClose Processing error: message was deserialized, but the handler returned false (indicating failure)

JavaScript error: , line 0: TypeError: NetworkError when attempting to fetch resource.
JavaScript error: , line 0: TypeError: NetworkError when attempting to fetch resource.
JavaScript error: , line 0: TypeError: NetworkError when attempting to fetch resource.
JavaScript error: , line 0: TypeError: NetworkError when attempting to fetch resource.
JavaScript error: , line 0: TypeError: NetworkError when attempting to fetch resource.
JavaScript error: , line 0: TypeError: NetworkError when attempting to fetch resource.
console.warn: TopSitesFeed: Failed to fetch data from Contile server: NetworkError when attempting to fetch resource.

###!!! [Parent][RunMessage] Error: Channel closing: too late to send/recv, messages will be lost

1641027301728	geckodriver	INFO	Listening on 127.0.0.1:50171
1641027304776	mozrunner::runner	INFO	Running command: "C:\\Program Files\\Mozilla Firefox\\firefox.exe" "--marionette" "--remote-debugging-port" "50172" "-no-remote" "-profile" "C:\\Users\\noyph\\AppData\\Local\\Temp\\rust_mozprofileBWjipd"
1641027305064	Marionette	INFO	Marionette enabled
console.warn: SearchSettings: "get: No settings file exists, new profile?" (new NotFoundError("Could not open the file at C:\\Users\\noyph\\AppData\\Local\\Temp\\rust_mozprofileBWjipd\\search.json.mozlz4", (void 0)))
DevTools listening on ws://localhost:50172/devtools/browser/b6efc0b1-72a1-4b6b-a7dd-3ff5c2e13af7
1641027307056	Marionette	INFO	Listening on port 50184
1641027307441	RemoteAgent	WARN	TLS certificate errors will be ignored for this session
1641027309016	Marionette	WARN	Ignoring event 'DOMContentLoaded' because document has an invalid readyState of 'complete'.
JavaScript warning: https://cdn.somplo.com/prod/test/251119/new-tag.min.js?cb=8, line 282: unreachable code after return statement
JavaScript warning: https://pagead2.googlesyndication.com/bg/U_DPXy_vflqTjVU_YutWJm0axOJE633NQGMGFEhf2s0.js line 1 > eval line 6869 > eval, line 1: WEBGL_debug_renderer_info is deprecated in Firefox and will be removed. Please use RENDERER.
1641027313102	Marionette	WARN	Ignoring event 'pageshow' because document has an invalid readyState of 'interactive'.
1641027313322	Marionette	WARN	Ignoring event 'pageshow' because document has an invalid readyState of 'uninitialized'.
1641027314003	Marionette	INFO	Stopped listening on port 50184
JavaScript error: , line 0: TypeError: NetworkError when attempting to fetch resource.
JavaScript error: , line 0: TypeError: NetworkError when attempting to fetch resource.
JavaScript error: , line 0: TypeError: NetworkError when attempting to fetch resource.
JavaScript error: , line 0: TypeError: NetworkError when attempting to fetch resource.
JavaScript error: , line 0: TypeError: NetworkError when attempting to fetch resource.
console.warn: TopSitesFeed: Failed to fetch data from Contile server: NetworkError when attempting to fetch resource.

###!!! [Parent][RunMessage] Error: Channel closing: too late to send/recv, messages will be lost

1641064913448	geckodriver	INFO	Listening on 127.0.0.1:60770
1641064916534	mozrunner::runner	INFO	Running command: "C:\\Program Files\\Mozilla Firefox\\firefox.exe" "--marionette" "--remote-debugging-port" "60771" "-no-remote" "-profile" "C:\\Users\\noyph\\AppData\\Local\\Temp\\rust_mozprofileTCVnUk"
1641064916765	Marionette	INFO	Marionette enabled
console.warn: SearchSettings: "get: No settings file exists, new profile?" (new NotFoundError("Could not open the file at C:\\Users\\noyph\\AppData\\Local\\Temp\\rust_mozprofileTCVnUk\\search.json.mozlz4", (void 0)))
DevTools listening on ws://localhost:60771/devtools/browser/e8a14240-6903-4494-abe6-27841639b8b8
1641064918654	Marionette	INFO	Listening on port 60777
1641064918693	RemoteAgent	WARN	TLS certificate errors will be ignored for this session
1641064920406	Marionette	WARN	Ignoring event 'DOMContentLoaded' because document has an invalid readyState of 'complete'.
JavaScript warning: https://cdn.somplo.com/prod/test/251119/new-tag.min.js?cb=8, line 282: unreachable code after return statement
1641064924673	Marionette	WARN	Ignoring event 'pageshow' because document has an invalid readyState of 'uninitialized'.
1641064924933	Marionette	WARN	Ignoring event 'pageshow' because document has an invalid readyState of 'interactive'.
JavaScript warning: https://pagead2.googlesyndication.com/bg/U_DPXy_vflqTjVU_YutWJm0axOJE633NQGMGFEhf2s0.js line 1 > eval line 7367 > eval, line 1: WEBGL_debug_renderer_info is deprecated in Firefox and will be removed. Please use RENDERER.
JavaScript error: https://ads.pubmatic.com/AdServer/js/user_sync.html?kdntuid=1&p=160447, line 1: ReferenceError: CommonMeta is not defined
JavaScript error: , line 0: TypeError: NetworkError when attempting to fetch resource.
JavaScript error: , line 0: TypeError: NetworkError when attempting to fetch resource.
JavaScript error: , line 0: TypeError: NetworkError when attempting to fetch resource.
JavaScript error: , line 0: TypeError: NetworkError when attempting to fetch resource.
JavaScript warning: https://cdn.somplo.com/prod/test/251119/new-tag.min.js?cb=8, line 282: unreachable code after return statement
JavaScript error: , line 0: TypeError: NetworkError when attempting to fetch resource.
JavaScript warning: https://pagead2.googlesyndication.com/bg/U_DPXy_vflqTjVU_YutWJm0axOJE633NQGMGFEhf2s0.js line 1 > eval line 7147 > eval line 1 > eval, line 1: WEBGL_debug_renderer_info is deprecated in Firefox and will be removed. Please use RENDERER.
1641065104107	Marionette	INFO	Stopped listening on port 60777
JavaScript error: , line 0: TypeError: NetworkError when attempting to fetch resource.
JavaScript error: , line 0: TypeError: NetworkError when attempting to fetch resource.
JavaScript error: , line 0: TypeError: NetworkError when attempting to fetch resource.
JavaScript error: , line 0: TypeError: NetworkError when attempting to fetch resource.
JavaScript error: , line 0: TypeError: NetworkError when attempting to fetch resource.
console.warn: TopSitesFeed: Failed to fetch data from Contile server: NetworkError when attempting to fetch resource.

###!!! [Child][RunMessage] Error: Channel closing: too late to send/recv, messages will be lost

DERER.
JavaScript error: https://ads.pubmatic.com/AdServer/js/user_sync.html?kdntuid=1&p=160447, line 1: ReferenceError: CommonMeta is not defined
1641065103109	Marionette	INFO	Stopped listening on port 49926
console.warn: TopSitesFeed: Failed to fetch data from Contile server: NetworkError when attempting to fetch resource.
JavaScript error: , line 0: TypeError: NetworkError when attempting to fetch resource.
JavaScript error: , line 0: TypeError: NetworkError when attempting to fetch resource.
JavaScript error: , line 0: TypeError: NetworkError when attempting to fetch resource.
JavaScript error: , line 0: TypeError: NetworkError when attempting to fetch resource.
JavaScript error: , line 0: TypeError: NetworkError when attempting to fetch resource.
JavaScript error: resource://gre/modules/Sqlite.jsm, line 1059: Error: Sqlite.jsm has been shutdown. Cannot open connection to: C:\Users\noyph\AppData\Local\Temp\rust_mozprofilevwkhqL\protections.sqlite

###!!! [Parent][RunMessage] Error: Channel closing: too late to send/recv, messages will be lost

1641065109154	geckodriver	INFO	Listening on 127.0.0.1:50242
1641065112216	mozrunner::runner	INFO	Running command: "C:\\Program Files\\Mozilla Firefox\\firefox.exe" "--marionette" "--remote-debugging-port" "50243" "-no-remote" "-profile" "C:\\Users\\noyph\\AppData\\Local\\Temp\\rust_mozprofileTQYscb"
1641065112458	Marionette	INFO	Marionette enabled
console.warn: SearchSettings: "get: No settings file exists, new profile?" (new NotFoundError("Could not open the file at C:\\Users\\noyph\\AppData\\Local\\Temp\\rust_mozprofileTQYscb\\search.json.mozlz4", (void 0)))
DevTools listening on ws://localhost:50243/devtools/browser/e019deee-cec0-4912-8e39-882c15604296
1641065114181	Marionette	INFO	Listening on port 50249
1641065114262	RemoteAgent	WARN	TLS certificate errors will be ignored for this session
1641065115660	Marionette	WARN	Ignoring event 'DOMContentLoaded' because document has an invalid readyState of 'complete'.
JavaScript warning: https://cdn.somplo.com/prod/test/251119/new-tag.min.js?cb=8, line 282: unreachable code after return statement
1641065119625	Marionette	WARN	Ignoring event 'pageshow' because document has an invalid readyState of 'interactive'.
1641065120862	Marionette	WARN	Ignoring event 'pageshow' because document has an invalid readyState of 'uninitialized'.
JavaScript warning: https://pagead2.googlesyndication.com/bg/U_DPXy_vflqTjVU_YutWJm0axOJE633NQGMGFEhf2s0.js line 1 > eval line 4745 > eval line 1 > eval, line 1: WEBGL_debug_renderer_info is deprecated in Firefox and will be removed. Please use RENDERER.
JavaScript error: https://ads.pubmatic.com/AdServer/js/user_sync.html?kdntuid=1&p=160447, line 1: ReferenceError: CommonMeta is not defined
1641065160423	Marionette	INFO	Stopped listening on port 50249
console.warn: TopSitesFeed: Failed to fetch data from Contile server: NetworkError when attempting to fetch resource.
JavaScript error: , line 0: TypeError: NetworkError when attempting to fetch resource.
JavaScript error: , line 0: TypeError: NetworkError when attempting to fetch resource.
JavaScript error: , line 0: TypeError: NetworkError when attempting to fetch resource.
JavaScript error: , line 0: TypeError: NetworkError when attempting to fetch resource.
JavaScript error: , line 0: TypeError: NetworkError when attempting to fetch resource.
JavaScript error: resource://gre/modules/Sqlite.jsm, line 1059: Error: Sqlite.jsm has been shutdown. Cannot open connection to: C:\Users\noyph\AppData\Local\Temp\rust_mozprofileTQYscb\protections.sqlite
1641065162434	geckodriver	INFO	Listening on 127.0.0.1:50438
1641065165503	mozrunner::runner	INFO	Running command: "C:\\Program Files\\Mozilla Firefox\\firefox.exe" "--marionette" "--remote-debugging-port" "50439" "-no-remote" "-profile" "C:\\Users\\noyph\\AppData\\Local\\Temp\\rust_mozprofilenP0ENf"
1641065165746	Marionette	INFO	Marionette enabled
console.warn: SearchSettings: "get: No settings file exists, new profile?" (new NotFoundError("Could not open the file at C:\\Users\\noyph\\AppData\\Local\\Temp\\rust_mozprofilenP0ENf\\search.json.mozlz4", (void 0)))
DevTools listening on ws://localhost:50439/devtools/browser/6e7f72a1-8901-4fb2-8c53-726abb34db7e
1641065167442	Marionette	INFO	Listening on port 50444
1641065167554	RemoteAgent	WARN	TLS certificate errors will be ignored for this session
1641065169137	Marionette	WARN	Ignoring event 'DOMContentLoaded' because document has an invalid readyState of 'complete'.
JavaScript warning: https://cdn.somplo.com/prod/test/251119/new-tag.min.js?cb=8, line 282: unreachable code after return statement
1641065173253	Marionette	WARN	Ignoring event 'pageshow' because document has an invalid readyState of 'interactive'.
1641065173398	Marionette	WARN	Ignoring event 'pageshow' because document has an invalid readyState of 'uninitialized'.
JavaScript warning: https://pagead2.googlesyndication.com/bg/U_DPXy_vflqTjVU_YutWJm0axOJE633NQGMGFEhf2s0.js line 1 > eval line 4669 > eval line 1 > eval, line 1: WEBGL_debug_renderer_info is deprecated in Firefox and will be removed. Please use RENDERER.
1641065203681	Marionette	INFO	Stopped listening on port 50444
console.warn: TopSitesFeed: Failed to fetch data from Contile server: NetworkError when attempting to fetch resource.
JavaScript error: , line 0: TypeError: NetworkError when attempting to fetch resource.
JavaScript error: , line 0: TypeError: NetworkError when attempting to fetch resource.
JavaScript error: , line 0: TypeError: NetworkError when attempting to fetch resource.
JavaScript error: , line 0: TypeError: NetworkError when attempting to fetch resource.
JavaScript error: , line 0: TypeError: NetworkError when attempting to fetch resource.

###!!! [Parent][RunMessage] Error: Channel closing: too late to send/recv, messages will be lost

1641065408866	geckodriver	INFO	Listening on 127.0.0.1:49620
1641065411916	mozrunner::runner	INFO	Running command: "C:\\Program Files\\Mozilla Firefox\\firefox.exe" "--marionette" "--remote-debugging-port" "49621" "-no-remote" "-profile" "C:\\Users\\noyph\\AppData\\Local\\Temp\\rust_mozprofilei3kTAb"
1641065412249	Marionette	INFO	Marionette enabled
console.warn: SearchSettings: "get: No settings file exists, new profile?" (new NotFoundError("Could not open the file at C:\\Users\\noyph\\AppData\\Local\\Temp\\rust_mozprofilei3kTAb\\search.json.mozlz4", (void 0)))
DevTools listening on ws://localhost:49621/devtools/browser/f9764806-c958-4870-898d-2fabe5255df6
1641065414369	Marionette	INFO	Listening on port 49628
1641065414579	RemoteAgent	WARN	TLS certificate errors will be ignored for this session
1641065416205	Marionette	WARN	Ignoring event 'DOMContentLoaded' because document has an invalid readyState of 'complete'.
1641065417908	Marionette	INFO	Stopped listening on port 49628
console.warn: TopSitesFeed: Failed to fetch data from Contile server: NetworkError when attempting to fetch resource.

###!!! [Parent][RunMessage] Error: Channel closing: too late to send/recv, messages will be lost

1641065607889	geckodriver	INFO	Listening on 127.0.0.1:58567
1641065610959	mozrunner::runner	INFO	Running command: "C:\\Program Files\\Mozilla Firefox\\firefox.exe" "--marionette" "--remote-debugging-port" "58568" "-no-remote" "-profile" "C:\\Users\\noyph\\AppData\\Local\\Temp\\rust_mozprofilewO0Yhg"
1641065611210	Marionette	INFO	Marionette enabled
console.warn: SearchSettings: "get: No settings file exists, new profile?" (new NotFoundError("Could not open the file at C:\\Users\\noyph\\AppData\\Local\\Temp\\rust_mozprofilewO0Yhg\\search.json.mozlz4", (void 0)))
DevTools listening on ws://localhost:58568/devtools/browser/42f5295c-98dd-4ee0-b88a-eb07cc6a2669
1641065613185	Marionette	INFO	Listening on port 58576
1641065613612	RemoteAgent	WARN	TLS certificate errors will be ignored for this session
JavaScript warning: https://static.xx.fbcdn.net/rsrc.php/v3iqES4/yZ/l/en_US/o5XjgaLVgY-.js?_nc_x=Ij3Wp8lg5Kz, line 20: WEBGL_debug_renderer_info is deprecated in Firefox and will be removed. Please use RENDERER.
1641065656719	Marionette	INFO	Stopped listening on port 58576
console.warn: TopSitesFeed: Failed to fetch data from Contile server: NetworkError when attempting to fetch resource.

###!!! [Parent][RunMessage] Error: Channel closing: too late to send/recv, messages will be lost

1641065659883	geckodriver	INFO	Listening on 127.0.0.1:58635
1641065662965	mozrunner::runner	INFO	Running command: "C:\\Program Files\\Mozilla Firefox\\firefox.exe" "--marionette" "--remote-debugging-port" "58636" "-no-remote" "-profile" "C:\\Users\\noyph\\AppData\\Local\\Temp\\rust_mozprofileESbEob"
1641065663206	Marionette	INFO	Marionette enabled
console.warn: SearchSettings: "get: No settings file exists, new profile?" (new NotFoundError("Could not open the file at C:\\Users\\noyph\\AppData\\Local\\Temp\\rust_mozprofileESbEob\\search.json.mozlz4", (void 0)))
DevTools listening on ws://localhost:58636/devtools/browser/b4dc728f-10c6-4108-8375-cf00b213019d
1641065665094	Marionette	INFO	Listening on port 58641
1641065665119	RemoteAgent	WARN	TLS certificate errors will be ignored for this session
JavaScript warning: https://static.xx.fbcdn.net/rsrc.php/v3iqES4/yZ/l/en_US/o5XjgaLVgY-.js?_nc_x=Ij3Wp8lg5Kz, line 20: WEBGL_debug_renderer_info is deprecated in Firefox and will be removed. Please use RENDERER.
JavaScript warning: https://static.xx.fbcdn.net/rsrc.php/v3iRP_4/yx/l/en_US/4LftgUjVa4c.js?_nc_x=4c5YKWvXZ4Q, line 160: WEBGL_debug_renderer_info is deprecated in Firefox and will be removed. Please use RENDERER.
JavaScript warning: https://static.xx.fbcdn.net/rsrc.php/v3iqES4/yZ/l/en_US/o5XjgaLVgY-.js?_nc_x=Ij3Wp8lg5Kz, line 20: WEBGL_debug_renderer_info is deprecated in Firefox and will be removed. Please use RENDERER.
1641065691549	Marionette	INFO	Stopped listening on port 58641
1641065800861	geckodriver	INFO	Listening on 127.0.0.1:58729
1641065803919	mozrunner::runner	INFO	Running command: "C:\\Program Files\\Mozilla Firefox\\firefox.exe" "--marionette" "--remote-debugging-port" "58730" "-no-remote" "-profile" "C:\\Users\\noyph\\AppData\\Local\\Temp\\rust_mozprofileQlrHU6"
1641065804163	Marionette	INFO	Marionette enabled
console.warn: SearchSettings: "get: No settings file exists, new profile?" (new NotFoundError("Could not open the file at C:\\Users\\noyph\\AppData\\Local\\Temp\\rust_mozprofileQlrHU6\\search.json.mozlz4", (void 0)))
DevTools listening on ws://localhost:58730/devtools/browser/494b3768-eebe-4437-9d26-53815379ea34
1641065805944	Marionette	INFO	Listening on port 58738
1641065805978	RemoteAgent	WARN	TLS certificate errors will be ignored for this session
JavaScript warning: https://static.xx.fbcdn.net/rsrc.php/v3iqES4/yZ/l/en_US/o5XjgaLVgY-.js?_nc_x=Ij3Wp8lg5Kz, line 20: WEBGL_debug_renderer_info is deprecated in Firefox and will be removed. Please use RENDERER.
JavaScript warning: https://static.xx.fbcdn.net/rsrc.php/v3iqES4/yZ/l/en_US/o5XjgaLVgY-.js?_nc_x=Ij3Wp8lg5Kz, line 20: WEBGL_debug_renderer_info is deprecated in Firefox and will be removed. Please use RENDERER.
1641065823249	Marionette	INFO	Stopped listening on port 58738
console.warn: TopSitesFeed: Failed to fetch data from Contile server: NetworkError when attempting to fetch resource.
1641065918627	geckodriver	INFO	Listening on 127.0.0.1:58800
1641065921688	mozrunner::runner	INFO	Running command: "C:\\Program Files\\Mozilla Firefox\\firefox.exe" "--marionette" "--remote-debugging-port" "58801" "-no-remote" "-profile" "C:\\Users\\noyph\\AppData\\Local\\Temp\\rust_mozprofilepGIGLa"
1641065921932	Marionette	INFO	Marionette enabled
console.warn: SearchSettings: "get: No settings file exists, new profile?" (new NotFoundError("Could not open the file at C:\\Users\\noyph\\AppData\\Local\\Temp\\rust_mozprofilepGIGLa\\search.json.mozlz4", (void 0)))
DevTools listening on ws://localhost:58801/devtools/browser/30acbb57-0c1c-4c4d-aa78-9d6cf2beb465
1641065923693	Marionette	INFO	Listening on port 58809
1641065923740	RemoteAgent	WARN	TLS certificate errors will be ignored for this session
JavaScript warning: https://static.xx.fbcdn.net/rsrc.php/v3iqES4/yZ/l/en_US/o5XjgaLVgY-.js?_nc_x=Ij3Wp8lg5Kz, line 20: WEBGL_debug_renderer_info is deprecated in Firefox and will be removed. Please use RENDERER.
1641065930174	Marionette	INFO	Stopped listening on port 58809
console.warn: TopSitesFeed: Failed to fetch data from Contile server: NetworkError when attempting to fetch resource.

###!!! [Parent][RunMessage] Error: Channel closing: too late to send/recv, messages will be lost

1641066259607	geckodriver	INFO	Listening on 127.0.0.1:58886
1641066262691	mozrunner::runner	INFO	Running command: "C:\\Program Files\\Mozilla Firefox\\firefox.exe" "--marionette" "--remote-debugging-port" "58887" "-no-remote" "-profile" "C:\\Users\\noyph\\AppData\\Local\\Temp\\rust_mozprofileknQbWd"
1641066262929	Marionette	INFO	Marionette enabled
console.warn: SearchSettings: "get: No settings file exists, new profile?" (new NotFoundError("Could not open the file at C:\\Users\\noyph\\AppData\\Local\\Temp\\rust_mozprofileknQbWd\\search.json.mozlz4", (void 0)))
DevTools listening on ws://localhost:58887/devtools/browser/639291d9-b1f3-4e42-849e-33f41ae491d3
1641066265058	Marionette	INFO	Listening on port 58896
1641066265364	RemoteAgent	WARN	TLS certificate errors will be ignored for this session
JavaScript warning: https://static.xx.fbcdn.net/rsrc.php/v3iqES4/yZ/l/en_US/o5XjgaLVgY-.js?_nc_x=Ij3Wp8lg5Kz, line 20: WEBGL_debug_renderer_info is deprecated in Firefox and will be removed. Please use RENDERER.
1641066272958	Marionette	INFO	Stopped listening on port 58896
console.warn: TopSitesFeed: Failed to fetch data from Contile server: NetworkError when attempting to fetch resource.

###!!! [Parent][RunMessage] Error: Channel closing: too late to send/recv, messages will be lost

1641066376018	geckodriver	INFO	Listening on 127.0.0.1:58956
1641066379045	mozrunner::runner	INFO	Running command: "C:\\Program Files\\Mozilla Firefox\\firefox.exe" "--marionette" "--remote-debugging-port" "58957" "-no-remote" "-profile" "C:\\Users\\noyph\\AppData\\Local\\Temp\\rust_mozprofilew5Sm7P"
1641066379281	Marionette	INFO	Marionette enabled
console.warn: SearchSettings: "get: No settings file exists, new profile?" (new NotFoundError("Could not open the file at C:\\Users\\noyph\\AppData\\Local\\Temp\\rust_mozprofilew5Sm7P\\search.json.mozlz4", (void 0)))
DevTools listening on ws://localhost:58957/devtools/browser/24443a28-82cf-406a-a34d-983e6db8bf49
1641066380991	Marionette	INFO	Listening on port 58965
1641066381080	RemoteAgent	WARN	TLS certificate errors will be ignored for this session
JavaScript warning: https://static.xx.fbcdn.net/rsrc.php/v3iqES4/yZ/l/en_US/o5XjgaLVgY-.js?_nc_x=Ij3Wp8lg5Kz, line 20: WEBGL_debug_renderer_info is deprecated in Firefox and will be removed. Please use RENDERER.
1641066388749	Marionette	INFO	Stopped listening on port 58965
console.warn: TopSitesFeed: Failed to fetch data from Contile server: NetworkError when attempting to fetch resource.

###!!! [Parent][RunMessage] Error: Channel closing: too late to send/recv, messages will be lost

1641066400136	geckodriver	INFO	Listening on 127.0.0.1:59018
1641066403176	mozrunner::runner	INFO	Running command: "C:\\Program Files\\Mozilla Firefox\\firefox.exe" "--marionette" "--remote-debugging-port" "59019" "-no-remote" "-profile" "C:\\Users\\noyph\\AppData\\Local\\Temp\\rust_mozprofiletpIA7N"
1641066403413	Marionette	INFO	Marionette enabled
console.warn: SearchSettings: "get: No settings file exists, new profile?" (new NotFoundError("Could not open the file at C:\\Users\\noyph\\AppData\\Local\\Temp\\rust_mozprofiletpIA7N\\search.json.mozlz4", (void 0)))
DevTools listening on ws://localhost:59019/devtools/browser/277e6e92-35c6-42ed-a03e-a33e94773716
1641066405116	Marionette	INFO	Listening on port 59025
1641066405205	RemoteAgent	WARN	TLS certificate errors will be ignored for this session
JavaScript warning: https://www.facebook.com/rsrc.php/v3iqES4/yZ/l/en_US/o5XjgaLVgY-.js?_nc_x=Ij3Wp8lg5Kz, line 20: WEBGL_debug_renderer_info is deprecated in Firefox and will be removed. Please use RENDERER.
JavaScript warning: https://static.xx.fbcdn.net/rsrc.php/v3iqES4/yZ/l/en_US/o5XjgaLVgY-.js?_nc_x=Ij3Wp8lg5Kz, line 20: WEBGL_debug_renderer_info is deprecated in Firefox and will be removed. Please use RENDERER.
1641066436857	Marionette	INFO	Stopped listening on port 59025
console.warn: TopSitesFeed: Failed to fetch data from Contile server: NetworkError when attempting to fetch resource.
1641067030619	geckodriver	INFO	Listening on 127.0.0.1:59113
1641067033647	mozrunner::runner	INFO	Running command: "C:\\Program Files\\Mozilla Firefox\\firefox.exe" "--marionette" "--remote-debugging-port" "59114" "-no-remote" "-profile" "C:\\Users\\noyph\\AppData\\Local\\Temp\\rust_mozprofileHAWrXM"
1641067033887	Marionette	INFO	Marionette enabled
console.warn: SearchSettings: "get: No settings file exists, new profile?" (new NotFoundError("Could not open the file at C:\\Users\\noyph\\AppData\\Local\\Temp\\rust_mozprofileHAWrXM\\search.json.mozlz4", (void 0)))
DevTools listening on ws://localhost:59114/devtools/browser/224d3337-b832-40fc-8953-c2d623b226f9
1641067035606	Marionette	INFO	Listening on port 59123
1641067035681	RemoteAgent	WARN	TLS certificate errors will be ignored for this session
JavaScript warning: https://static.xx.fbcdn.net/rsrc.php/v3iqES4/yZ/l/en_US/o5XjgaLVgY-.js?_nc_x=Ij3Wp8lg5Kz, line 20: WEBGL_debug_renderer_info is deprecated in Firefox and will be removed. Please use RENDERER.
JavaScript warning: https://static.xx.fbcdn.net/rsrc.php/v3iqES4/yZ/l/en_US/o5XjgaLVgY-.js?_nc_x=Ij3Wp8lg5Kz, line 20: WEBGL_debug_renderer_info is deprecated in Firefox and will be removed. Please use RENDERER.
JavaScript warning: https://static.xx.fbcdn.net/rsrc.php/v3iqES4/yZ/l/en_US/o5XjgaLVgY-.js?_nc_x=Ij3Wp8lg5Kz, line 20: WEBGL_debug_renderer_info is deprecated in Firefox and will be removed. Please use RENDERER.
1641067064528	Marionette	INFO	Stopped listening on port 59123
console.warn: TopSitesFeed: Failed to fetch data from Contile server: NetworkError when attempting to fetch resource.

###!!! [Parent][RunMessage] Error: Channel closing: too late to send/recv, messages will be lost

1641067132670	geckodriver	INFO	Listening on 127.0.0.1:59224
1641067135718	mozrunner::runner	INFO	Running command: "C:\\Program Files\\Mozilla Firefox\\firefox.exe" "--marionette" "--remote-debugging-port" "59225" "-no-remote" "-profile" "C:\\Users\\noyph\\AppData\\Local\\Temp\\rust_mozprofileX0rW6A"
1641067135956	Marionette	INFO	Marionette enabled
console.warn: SearchSettings: "get: No settings file exists, new profile?" (new NotFoundError("Could not open the file at C:\\Users\\noyph\\AppData\\Local\\Temp\\rust_mozprofileX0rW6A\\search.json.mozlz4", (void 0)))
DevTools listening on ws://localhost:59225/devtools/browser/bdce3806-1f37-4727-ab9c-ab13a82b7926
1641067137919	Marionette	INFO	Listening on port 59231
1641067138355	RemoteAgent	WARN	TLS certificate errors will be ignored for this session
JavaScript warning: https://static.xx.fbcdn.net/rsrc.php/v3iqES4/yZ/l/en_US/o5XjgaLVgY-.js?_nc_x=Ij3Wp8lg5Kz, line 20: WEBGL_debug_renderer_info is deprecated in Firefox and will be removed. Please use RENDERER.
1641067165711	Marionette	INFO	Stopped listening on port 59231
console.warn: TopSitesFeed: Failed to fetch data from Contile server: NetworkError when attempting to fetch resource.
1641067167613	geckodriver	INFO	Listening on 127.0.0.1:59289
1641067170622	mozrunner::runner	INFO	Running command: "C:\\Program Files\\Mozilla Firefox\\firefox.exe" "--marionette" "--remote-debugging-port" "59290" "-no-remote" "-profile" "C:\\Users\\noyph\\AppData\\Local\\Temp\\rust_mozprofilexfhhRC"
1641067170869	Marionette	INFO	Marionette enabled
console.warn: SearchSettings: "get: No settings file exists, new profile?" (new NotFoundError("Could not open the file at C:\\Users\\noyph\\AppData\\Local\\Temp\\rust_mozprofilexfhhRC\\search.json.mozlz4", (void 0)))
DevTools listening on ws://localhost:59290/devtools/browser/40fdfa46-9cd0-48a8-b162-a1c20dc246bf
1641067172597	Marionette	INFO	Listening on port 59296
1641067172657	RemoteAgent	WARN	TLS certificate errors will be ignored for this session
JavaScript warning: https://www.facebook.com/rsrc.php/v3iqES4/yZ/l/en_US/o5XjgaLVgY-.js?_nc_x=Ij3Wp8lg5Kz, line 20: WEBGL_debug_renderer_info is deprecated in Firefox and will be removed. Please use RENDERER.
JavaScript warning: https://static.xx.fbcdn.net/rsrc.php/v3iRP_4/yx/l/en_US/4LftgUjVa4c.js?_nc_x=4c5YKWvXZ4Q, line 160: WEBGL_debug_renderer_info is deprecated in Firefox and will be removed. Please use RENDERER.
JavaScript warning: https://www.facebook.com/rsrc.php/v3iqES4/yZ/l/en_US/o5XjgaLVgY-.js?_nc_x=Ij3Wp8lg5Kz, line 20: WEBGL_debug_renderer_info is deprecated in Firefox and will be removed. Please use RENDERER.
JavaScript warning: https://www.facebook.com/rsrc.php/v3iqES4/yZ/l/en_US/o5XjgaLVgY-.js?_nc_x=Ij3Wp8lg5Kz, line 20: WEBGL_debug_renderer_info is deprecated in Firefox and will be removed. Please use RENDERER.
console.warn: LoginRecipes: "getRecipes: falling back to a synchronous message for:" "https://www.facebook.com"
JavaScript error: resource://gre/modules/LoginManagerParent.jsm, line 136: TypeError: gRecipeManager is null
console.log: WebExtensions: reset-default-search: starting.
console.log: WebExtensions: reset-default-search: No addons in our list are installed.
1641067909476	Marionette	INFO	Stopped listening on port 59296
console.warn: TopSitesFeed: Failed to fetch data from Contile server: NetworkError when attempting to fetch resource.

###!!! [Parent][RunMessage] Error: Channel closing: too late to send/recv, messages will be lost

1641069912673	geckodriver	INFO	Listening on 127.0.0.1:59920
1641069915734	mozrunner::runner	INFO	Running command: "C:\\Program Files\\Mozilla Firefox\\firefox.exe" "--marionette" "--remote-debugging-port" "59921" "-no-remote" "-profile" "C:\\Users\\noyph\\AppData\\Local\\Temp\\rust_mozprofileX3jzk9"
1641069915970	Marionette	INFO	Marionette enabled
console.warn: SearchSettings: "get: No settings file exists, new profile?" (new NotFoundError("Could not open the file at C:\\Users\\noyph\\AppData\\Local\\Temp\\rust_mozprofileX3jzk9\\search.json.mozlz4", (void 0)))
DevTools listening on ws://localhost:59921/devtools/browser/a39ec7a3-ec10-47d2-92bc-4c0e4680e56f
1641069917799	Marionette	INFO	Listening on port 59931
1641069917873	RemoteAgent	WARN	TLS certificate errors will be ignored for this session
1641069919617	Marionette	WARN	Ignoring event 'DOMContentLoaded' because document has an invalid readyState of 'complete'.
JavaScript warning: https://cdn.somplo.com/prod/test/251119/new-tag.min.js?cb=8, line 282: unreachable code after return statement
1641069923686	Marionette	WARN	Ignoring event 'pageshow' because document has an invalid readyState of 'uninitialized'.
1641069924047	Marionette	WARN	Ignoring event 'pageshow' because document has an invalid readyState of 'interactive'.
JavaScript warning: https://pagead2.googlesyndication.com/bg/U_DPXy_vflqTjVU_YutWJm0axOJE633NQGMGFEhf2s0.js line 1 > eval line 7198 > eval line 1 > eval, line 1: WEBGL_debug_renderer_info is deprecated in Firefox and will be removed. Please use RENDERER.
JavaScript error: https://ads.pubmatic.com/AdServer/js/user_sync.html?kdntuid=1&p=160447, line 1: ReferenceError: CommonMeta is not defined
1641069984999	Marionette	INFO	Stopped listening on port 59931
console.warn: TopSitesFeed: Failed to fetch data from Contile server: NetworkError when attempting to fetch resource.
JavaScript error: , line 0: TypeError: NetworkError when attempting to fetch resource.
JavaScript error: , line 0: TypeError: NetworkError when attempting to fetch resource.
JavaScript error: , line 0: TypeError: NetworkError when attempting to fetch resource.
JavaScript error: , line 0: TypeError: NetworkError when attempting to fetch resource.
JavaScript error: , line 0: TypeError: NetworkError when attempting to fetch resource.
JavaScript error: resource://gre/modules/AsyncShutdown.jsm, line 718: Error: Phase "Sqlite.jsm: wait until all connections are closed" is finished, it is too late to register completion condition "protections.sqlite#0: waiting for shutdown"

###!!! [Parent][RunMessage] Error: Channel closing: too late to send/recv, messages will be lost

1641070133751	geckodriver	INFO	Listening on 127.0.0.1:60440
1641070136819	mozrunner::runner	INFO	Running command: "C:\\Program Files\\Mozilla Firefox\\firefox.exe" "--marionette" "--remote-debugging-port" "60441" "-no-remote" "-profile" "C:\\Users\\noyph\\AppData\\Local\\Temp\\rust_mozprofilewKepwB"
1641070137061	Marionette	INFO	Marionette enabled
console.warn: SearchSettings: "get: No settings file exists, new profile?" (new NotFoundError("Could not open the file at C:\\Users\\noyph\\AppData\\Local\\Temp\\rust_mozprofilewKepwB\\search.json.mozlz4", (void 0)))
DevTools listening on ws://localhost:60441/devtools/browser/f953e788-39d3-41df-af73-cb73572ecf01
1641070138786	Marionette	INFO	Listening on port 60449
1641070138857	RemoteAgent	WARN	TLS certificate errors will be ignored for this session
1641070140706	Marionette	WARN	Ignoring event 'DOMContentLoaded' because document has an invalid readyState of 'complete'.
JavaScript warning: https://cdn.somplo.com/prod/test/251119/new-tag.min.js?cb=8, line 282: unreachable code after return statement
1641070144999	Marionette	WARN	Ignoring event 'pageshow' because document has an invalid readyState of 'interactive'.
1641070145653	Marionette	WARN	Ignoring event 'pageshow' because document has an invalid readyState of 'uninitialized'.
JavaScript warning: https://pagead2.googlesyndication.com/bg/U_DPXy_vflqTjVU_YutWJm0axOJE633NQGMGFEhf2s0.js line 1 > eval line 7421 > eval, line 1: WEBGL_debug_renderer_info is deprecated in Firefox and will be removed. Please use RENDERER.
JavaScript error: https://ads.pubmatic.com/AdServer/js/user_sync.html?kdntuid=1&p=160447, line 1: ReferenceError: CommonMeta is not defined
1641070184092	Marionette	INFO	Stopped listening on port 60449
console.warn: TopSitesFeed: Failed to fetch data from Contile server: NetworkError when attempting to fetch resource.
JavaScript error: , line 0: TypeError: NetworkError when attempting to fetch resource.
JavaScript error: , line 0: TypeError: NetworkError when attempting to fetch resource.
JavaScript error: , line 0: TypeError: NetworkError when attempting to fetch resource.
JavaScript error: , line 0: TypeError: NetworkError when attempting to fetch resource.
JavaScript error: , line 0: TypeError: NetworkError when attempting to fetch resource.
JavaScript error: resource://gre/modules/Sqlite.jsm, line 1059: Error: Sqlite.jsm has been shutdown. Cannot open connection to: C:\Users\noyph\AppData\Local\Temp\rust_mozprofilewKepwB\protections.sqlite

###!!! [Parent][RunMessage] Error: Channel closing: too late to send/recv, messages will be lost

1641070185742	geckodriver	INFO	Listening on 127.0.0.1:65079
1641070188822	mozrunner::runner	INFO	Running command: "C:\\Program Files\\Mozilla Firefox\\firefox.exe" "--marionette" "--remote-debugging-port" "65080" "-no-remote" "-profile" "C:\\Users\\noyph\\AppData\\Local\\Temp\\rust_mozprofilextb26E"
1641070189056	Marionette	INFO	Marionette enabled
console.warn: SearchSettings: "get: No settings file exists, new profile?" (new NotFoundError("Could not open the file at C:\\Users\\noyph\\AppData\\Local\\Temp\\rust_mozprofilextb26E\\search.json.mozlz4", (void 0)))
DevTools listening on ws://localhost:65080/devtools/browser/925efa14-de8b-410c-9d65-5f60208da90d
1641070190780	Marionette	INFO	Listening on port 65085
1641070190853	RemoteAgent	WARN	TLS certificate errors will be ignored for this session
1641070192520	Marionette	WARN	Ignoring event 'DOMContentLoaded' because document has an invalid readyState of 'complete'.
JavaScript warning: https://cdn.somplo.com/prod/test/251119/new-tag.min.js?cb=8, line 282: unreachable code after return statement
JavaScript warning: https://pagead2.googlesyndication.com/bg/U_DPXy_vflqTjVU_YutWJm0axOJE633NQGMGFEhf2s0.js line 1 > eval line 7466 > eval, line 1: WEBGL_debug_renderer_info is deprecated in Firefox and will be removed. Please use RENDERER.
1641070196550	Marionette	WARN	Ignoring event 'pageshow' because document has an invalid readyState of 'interactive'.
1641070197298	Marionette	WARN	Ignoring event 'pageshow' because document has an invalid readyState of 'uninitialized'.
JavaScript warning: https://pagead2.googlesyndication.com/bg/U_DPXy_vflqTjVU_YutWJm0axOJE633NQGMGFEhf2s0.js line 1 > eval line 3498 > eval, line 1: WEBGL_debug_renderer_info is deprecated in Firefox and will be removed. Please use RENDERER.
JavaScript error: https://ads.pubmatic.com/AdServer/js/user_sync.html?kdntuid=1&p=160447, line 1: ReferenceError: CommonMeta is not defined
1641070256359	Marionette	INFO	Stopped listening on port 65085
console.warn: TopSitesFeed: Failed to fetch data from Contile server: NetworkError when attempting to fetch resource.
JavaScript error: , line 0: TypeError: NetworkError when attempting to fetch resource.
JavaScript error: , line 0: TypeError: NetworkError when attempting to fetch resource.
JavaScript error: , line 0: TypeError: NetworkError when attempting to fetch resource.
JavaScript error: , line 0: TypeError: NetworkError when attempting to fetch resource.
JavaScript error: , line 0: TypeError: NetworkError when attempting to fetch resource.
JavaScript error: , line 0: TypeError: NetworkError when attempting to fetch resource.
JavaScript error: resource://gre/modules/AsyncShutdown.jsm, line 718: Error: Phase "Sqlite.jsm: wait until all connections are closed" is finished, it is too late to register completion condition "protections.sqlite#0: waiting for shutdown"
1641070258189	geckodriver	INFO	Listening on 127.0.0.1:65344
1641070261281	mozrunner::runner	INFO	Running command: "C:\\Program Files\\Mozilla Firefox\\firefox.exe" "--marionette" "--remote-debugging-port" "65345" "-no-remote" "-profile" "C:\\Users\\noyph\\AppData\\Local\\Temp\\rust_mozprofileemZlpk"
1641070261516	Marionette	INFO	Marionette enabled
console.warn: SearchSettings: "get: No settings file exists, new profile?" (new NotFoundError("Could not open the file at C:\\Users\\noyph\\AppData\\Local\\Temp\\rust_mozprofileemZlpk\\search.json.mozlz4", (void 0)))
DevTools listening on ws://localhost:65345/devtools/browser/92299419-4053-4c01-8c76-e2f3b8aef71c
1641070263227	Marionette	INFO	Listening on port 65350
1641070263320	RemoteAgent	WARN	TLS certificate errors will be ignored for this session
JavaScript error: https://player.ynet.co.il/fp727/flowplayer.ads.114.ynet.js, line 2: ReferenceError: flowplayer is not defined
[Child 19556, MediaDecoderStateMachine #1] WARNING: 1591f295660 Could not set cubeb stream name.: file /builds/worker/checkouts/gecko/dom/media/AudioStream.cpp:367
JavaScript warning: https://pagead2.googlesyndication.com/bg/U_DPXy_vflqTjVU_YutWJm0axOJE633NQGMGFEhf2s0.js line 1 > eval line 7463 > eval, line 1: WEBGL_debug_renderer_info is deprecated in Firefox and will be removed. Please use RENDERER.
1641070442775	Marionette	INFO	Stopped listening on port 65350
console.warn: TopSitesFeed: Failed to fetch data from Contile server: NetworkError when attempting to fetch resource.
JavaScript error: , line 0: TypeError: NetworkError when attempting to fetch resource.
JavaScript error: , line 0: TypeError: NetworkError when attempting to fetch resource.
JavaScript error: , line 0: TypeError: NetworkError when attempting to fetch resource.
JavaScript error: , line 0: TypeError: NetworkError when attempting to fetch resource.
JavaScript error: , line 0: TypeError: NetworkError when attempting to fetch resource.
JavaScript error: , line 0: TypeError: NetworkError when attempting to fetch resource.
JavaScript error: , line 0: TypeError: NetworkError when attempting to fetch resource.
JavaScript error: , line 0: TypeError: NetworkError when attempting to fetch resource.
JavaScript error: , line 0: TypeError: NetworkError when attempting to fetch resource.
JavaScript error: , line 0: TypeError: NetworkError when attempting to fetch resource.
JavaScript error: , line 0: TypeError: NetworkError when attempting to fetch resource.
JavaScript error: , line 0: TypeError: NetworkError when attempting to fetch resource.
JavaScript error: , line 0: TypeError: NetworkError when attempting to fetch resource.
JavaScript error: , line 0: TypeError: NetworkError when attempting to fetch resource.
JavaScript error: , line 0: TypeError: NetworkError when attempting to fetch resource.
JavaScript error: , line 0: TypeError: NetworkError when attempting to fetch resource.
JavaScript error: , line 0: TypeError: NetworkError when attempting to fetch resource.
JavaScript error: , line 0: TypeError: NetworkError when attempting to fetch resource.
JavaScript error: , line 0: TypeError: NetworkError when attempting to fetch resource.
JavaScript error: , line 0: TypeError: NetworkError when attempting to fetch resource.

###!!! [Child][RunMessage] Error: Channel closing: too late to send/recv, messages will be lost


###!!! [Child][RunMessage] Error: Channel closing: too late to send/recv, messages will be lost


###!!! [Child][RunMessage] Error: Channel closing: too late to send/recv, messages will be lost


###!!! [Child][RunMessage] Error: Channel closing: too late to send/recv, messages will be lost


###!!! [Parent][MessageChannel] Error: (msgtype=0x39007A,name=PContent::Msg_DestroyBrowsingContextGroup) Closed channel: cannot send/recv


###!!! [Child][RunMessage] Error: Channel closing: too late to send/recv, messages will be lost


###!!! [Child][RunMessage] Error: Channel closing: too late to send/recv, messages will be lost


###!!! [Child][RunMessage] Error: Channel closing: too late to send/recv, messages will be lost


###!!! [Child][RunMessage] Error: Channel closing: too late to send/recv, messages will be lost


###!!! [Child][RunMessage] Error: Channel closing: too late to send/recv, messages will be lost


###!!! [Child][RunMessage] Error: Channel closing: too late to send/recv, messages will be lost


###!!! [Child][RunMessage] Error: Channel closing: too late to send/recv, messages will be lost


###!!! [Child][RunMessage] Error: Channel closing: too late to send/recv, messages will be lost


###!!! [Child][RunMessage] Error: Channel closing: too late to send/recv, messages will be lost


###!!! [Child][RunMessage] Error: Channel closing: too late to send/recv, messages will be lost


###!!! [Child][RunMessage] Error: Channel closing: too late to send/recv, messages will be lost


###!!! [Child][RunMessage] Error: Channel closing: too late to send/recv, messages will be lost


###!!! [Child][RunMessage] Error: Channel closing: too late to send/recv, messages will be lost


###!!! [Child][RunMessage] Error: Channel closing: too late to send/recv, messages will be lost


###!!! [Child][RunMessage] Error: Channel closing: too late to send/recv, messages will be lost


###!!! [Child][RunMessage] Error: Channel closing: too late to send/recv, messages will be lost


###!!! [Child][RunMessage] Error: Channel closing: too late to send/recv, messages will be lost


###!!! [Child][RunMessage] Error: Channel closing: too late to send/recv, messages will be lost


###!!! [Child][RunMessage] Error: Channel closing: too late to send/recv, messages will be lost


###!!! [Child][MessageChannel] Error: (msgtype=0x390147,name=PContent::Msg_ScriptError) Channel closing: too late to send/recv, messages will be lost


###!!! [Child][RunMessage] Error: Channel closing: too late to send/recv, messages will be lost


###!!! [Child][RunMessage] Error: Channel closing: too late to send/recv, messages will be lost


###!!! [Child][RunMessage] Error: Channel closing: too late to send/recv, messages will be lost


###!!! [Child][MessageChannel] Error: (msgtype=0x390147,name=PContent::Msg_ScriptError) Channel closing: too late to send/recv, messages will be lost


###!!! [Child][RunMessage] Error: Channel closing: too late to send/recv, messages will be lost


###!!! [Child][RunMessage] Error: Channel closing: too late to send/recv, messages will be lost


###!!! [Child][RunMessage] Error: Channel closing: too late to send/recv, messages will be lost


###!!! [Child][RunMessage] Error: Channel closing: too late to send/recv, messages will be lost


###!!! [Child][RunMessage] Error: Channel closing: too late to send/recv, messages will be lost

JavaScript error: resource://gre/modules/Sqlite.jsm, line 1059: Error: Sqlite.jsm has been shutdown. Cannot open connection to: C:\Users\noyph\AppData\Local\Temp\rust_mozprofileemZlpk\protections.sqlite

###!!! [Child][MessageChannel] Error: (msgtype=0x390147,name=PContent::Msg_ScriptError) Channel closing: too late to send/recv, messages will be lost


###!!! [Child][RunMessage] Error: Channel closing: too late to send/recv, messages will be lost


###!!! [Child][RunMessage] Error: Channel closing: too late to send/recv, messages will be lost


###!!! [Child][RunMessage] Error: Channel closing: too late to send/recv, messages will be lost


###!!! [Child][RunMessage] Error: Channel closing: too late to send/recv, messages will be lost


###!!! [Child][RunMessage] Error: Channel closing: too late to send/recv, messages will be lost


###!!! [Child][RunMessage] Error: Channel closing: too late to send/recv, messages will be lost


###!!! [Child][MessageChannel] Error: (msgtype=0x390147,name=PContent::Msg_ScriptError) Channel closing: too late to send/recv, messages will be lost


###!!! [Child][RunMessage] Error: Channel closing: too late to send/recv, messages will be lost


###!!! [Child][RunMessage] Error: Channel closing: too late to send/recv, messages will be lost


###!!! [Child][RunMessage] Error: Channel closing: too late to send/recv, messages will be lost


###!!! [Child][MessageChannel] Error: (msgtype=0x390147,name=PContent::Msg_ScriptError) Channel closing: too late to send/recv, messages will be lost


###!!! [Child][RunMessage] Error: Channel closing: too late to send/recv, messages will be lost


###!!! [Child][MessageChannel] Error: (msgtype=0x390147,name=PContent::Msg_ScriptError) Channel closing: too late to send/recv, messages will be lost


###!!! [Child][RunMessage] Error: Channel closing: too late to send/recv, messages will be lost


###!!! [Child][RunMessage] Error: Channel closing: too late to send/recv, messages will be lost


###!!! [Child][MessageChannel] Error: (msgtype=0x390147,name=PContent::Msg_ScriptError) Channel closing: too late to send/recv, messages will be lost


###!!! [Child][RunMessage] Error: Channel closing: too late to send/recv, messages will be lost


###!!! [Child][RunMessage] Error: Channel closing: too late to send/recv, messages will be lost


###!!! [Child][RunMessage] Error: Channel closing: too late to send/recv, messages will be lost


###!!! [Child][MessageChannel] Error: (msgtype=0x390147,name=PContent::Msg_ScriptError) Channel closing: too late to send/recv, messages will be lost


###!!! [Child][MessageChannel] Error: (msgtype=0x390147,name=PContent::Msg_ScriptError) Channel closing: too late to send/recv, messages will be lost


###!!! [Child][MessageChannel] Error: (msgtype=0x390147,name=PContent::Msg_ScriptError) Channel closing: too late to send/recv, messages will be lost

